<?xml version="1.0" encoding="utf-8"?><testsuites name="pytest tests"><testsuite name="pytest" errors="0" failures="0" skipped="0" tests="138" time="42.744" timestamp="2026-09-02T08:13:38.035862+02:00" hostname="Hana"><testcase classname="tests.test_final_v2_gold_freeze_verifier" name="test_gold_freeze_verifier_fails_without_manifest" time="0.007" /><testcase classname="tests.test_final_v2_gold_freeze_verifier" name="test_duplicate_safe_input_conflict_detection" time="0.000" /><testcase classname="tests.test_final_v2_gold_freeze_verifier" name="test_verifier_accepts_minimal_valid_frozen_manifest" time="0.010" /><testcase classname="tests.test_finalization_gate0_protocol" name="test_gate0_protocol_and_artifact_map_exist" time="0.001" /><testcase classname="tests.test_finalization_gate0_protocol" name="test_gate0_state_is_machine_checkable_and_confirmation_safe" time="0.002" /><testcase classname="tests.test_finalization_gate0_protocol" name="test_gate0_state_matches_current_canonical_manifests" time="0.001" /><testcase classname="tests.test_final_v2_pre_experiment_hardening" name="test_github_client_pacing_and_cache_hit" time="0.001" /><testcase classname="tests.test_final_v2_pre_experiment_hardening" name="test_github_client_primary_and_secondary_rate_limits" time="0.001" /><testcase classname="tests.test_final_v2_pre_experiment_hardening" name="test_base_sha_doc_discovery_nested_and_outcome_independent" time="0.001" /><testcase classname="tests.test_final_v2_pre_experiment_hardening" name="test_partial_candidate_output_preserved_and_no_gold_fields" time="0.001" /><testcase classname="tests.test_final_v2_pre_experiment_hardening" name="test_tfidf_retrieval_relevant_doc_beats_readme_noise_and_is_deterministic" time="0.004" /><testcase classname="tests.test_final_v2_pre_experiment_hardening" name="test_ml_contract_fails_closed_and_keeps_binary_category_policy" time="0.000" /><testcase classname="tests.test_final_v2_pre_experiment_hardening" name="test_prefill_uses_only_safe_preoutcome_fields" time="0.000" /><testcase classname="tests.test_final_v2_pre_experiment_hardening" name="test_stage3_config_options_reach_analysis_writer_and_repair" time="0.003" /><testcase classname="tests.test_final_v2_pre_experiment_hardening" name="test_frozen_stage3_runner_guards_and_call_flow" time="0.061" /><testcase classname="tests.test_final_v2_pre_experiment_hardening" name="test_completion_audit_receipt_and_stale_hash_rejected" time="0.055" /><testcase classname="tests.test_final_v2_pre_experiment_hardening" name="test_bootstrap_auc_ap_reports_valid_replicates" time="0.002" /><testcase classname="tests.test_final_v2_pre_experiment_hardening" name="test_pre_experiment_audit_pass_and_intentional_failures" time="9.650" /><testcase classname="tests.test_final_v2_pre_experiment_hardening" name="test_generator_doc_pool_discovers_nested_docs_and_does_not_let_readme_monopolize" time="0.001" /><testcase classname="tests.test_final_v2_pre_experiment_hardening" name="test_generator_candidates_ignore_docs_changed_docs_diff_and_docs_after_and_are_deterministic" time="0.002" /><testcase classname="tests.test_final_v2_pre_experiment_hardening" name="test_documentation_artifact_paths_are_excluded_without_overfiltering_legitimate_docs" time="0.000" /><testcase classname="tests.test_final_v2_pre_experiment_hardening" name="test_artifacts_cannot_monopolize_generator_pool_and_all_candidates_are_base_sha_only" time="0.002" /><testcase classname="tests.test_final_v2_pre_experiment_hardening" name="test_generator_candidate_selection_is_not_altered_by_docs_changed_diff_or_after_fields" time="0.001" /><testcase classname="tests.test_final_v2_pre_experiment_hardening" name="test_write_report_creates_missing_parent_directory" time="0.004" /><testcase classname="tests.test_final_v2_pre_experiment_hardening" name="test_successful_tree_discovery_does_not_probe_nonexistent_default_doc_paths" time="0.001" /><testcase classname="tests.test_final_v2_pre_experiment_hardening" name="test_classifier_and_generator_share_tree_and_document_fetch_once_per_case" time="0.000" /><testcase classname="tests.test_final_v2_pre_experiment_hardening" name="test_repeated_blob_sha_reuses_cache_without_changing_provenance_and_changed_sha_fetches_new_content" time="0.001" /><testcase classname="tests.test_final_v2_pre_experiment_hardening" name="test_checkpoint_resume_matches_uninterrupted_output_and_preserves_order" time="0.056" /><testcase classname="tests.test_final_v2_pre_experiment_hardening" name="test_checkpoint_resume_fails_closed_on_input_or_scientific_config_mismatch" time="0.023" /><testcase classname="tests.test_final_v2_pre_experiment_hardening" name="test_local_git_backend_path_mapping_tree_blob_fetch_and_safe_remote" time="0.004" /><testcase classname="tests.test_final_v2_pre_experiment_hardening" name="test_auto_backend_prefers_rest_cache_then_local_then_rest_fallback" time="0.000" /><testcase classname="tests.test_final_v2_pre_experiment_hardening" name="test_operational_failures_do_not_enter_canonical_rejects_and_create_pending[exc0]" time="0.044" /><testcase classname="tests.test_final_v2_pre_experiment_hardening" name="test_operational_failures_do_not_enter_canonical_rejects_and_create_pending[exc1]" time="0.047" /><testcase classname="tests.test_final_v2_pre_experiment_hardening" name="test_operational_failures_do_not_enter_canonical_rejects_and_create_pending[exc2]" time="0.043" /><testcase classname="tests.test_final_v2_pre_experiment_hardening" name="test_operational_failures_do_not_enter_canonical_rejects_and_create_pending[exc3]" time="0.028" /><testcase classname="tests.test_final_v2_pre_experiment_hardening" name="test_operational_failures_do_not_enter_canonical_rejects_and_create_pending[exc4]" time="0.030" /><testcase classname="tests.test_final_v2_pre_experiment_hardening" name="test_operational_failures_do_not_enter_canonical_rejects_and_create_pending[exc5]" time="0.049" /><testcase classname="tests.test_final_v2_pre_experiment_hardening" name="test_operational_failures_do_not_enter_canonical_rejects_and_create_pending[exc6]" time="0.043" /><testcase classname="tests.test_final_v2_pre_experiment_hardening" name="test_operational_failures_do_not_enter_canonical_rejects_and_create_pending[exc7]" time="0.053" /><testcase classname="tests.test_final_v2_pre_experiment_hardening" name="test_operational_failures_do_not_enter_canonical_rejects_and_create_pending[exc8]" time="0.047" /><testcase classname="tests.test_final_v2_pre_experiment_hardening" name="test_operational_failures_do_not_enter_canonical_rejects_and_create_pending[exc9]" time="0.053" /><testcase classname="tests.test_final_v2_pre_experiment_hardening" name="test_global_stop_primary_rate_or_auth_is_pending_not_reject" time="0.051" /><testcase classname="tests.test_final_v2_pre_experiment_hardening" name="test_retry_pending_success_reject_and_repeat_failure_states" time="0.072" /><testcase classname="tests.test_final_v2_pre_experiment_hardening" name="test_retry_mode_processes_only_pending_and_can_be_bounded" time="0.074" /><testcase classname="tests.test_final_v2_pre_experiment_hardening" name="test_recovery_migrates_historical_operational_rejects_and_is_idempotent" time="0.062" /><testcase classname="tests.test_final_v2_pre_experiment_hardening" name="test_completion_status_and_downstream_guard_with_pending" time="0.001" /><testcase classname="tests.test_final_v2_pre_experiment_hardening" name="test_resume_keeps_pending_separate_and_successful_case_schema_unchanged" time="0.034" /><testcase classname="tests.test_final_v2_pre_experiment_hardening" name="test_workers_four_matches_workers_one_and_preserves_order" time="0.188" /><testcase classname="tests.test_final_v2_pre_experiment_hardening" name="test_parallel_operational_pending_order_and_no_duplicates" time="0.072" /><testcase classname="tests.test_final_v2_pre_experiment_hardening" name="test_interruption_mid_parallel_checkpoint_resume_matches_uninterrupted" time="0.108" /><testcase classname="tests.test_final_v2_pre_experiment_hardening" name="test_local_git_tree_and_blob_cache_singleflight" time="0.007" /><testcase classname="tests.test_final_classifier_v2_infrastructure" name="test_trainer_cli_has_no_confirmation_or_test_arguments" time="4.827" /><testcase classname="tests.test_final_classifier_v2_infrastructure" name="test_safe_serializer_uses_only_canonical_fields" time="0.001" /><testcase classname="tests.test_final_classifier_v2_infrastructure" name="test_no_forbidden_balancing_or_manual_path_flags_in_final_sources" time="0.001" /><testcase classname="tests.test_final_classifier_v2_infrastructure" name="test_binary_policy_preserves_natural_counts_and_other_documentation_positive" time="0.001" /><testcase classname="tests.test_final_classifier_v2_infrastructure" name="test_category_policy_excludes_other_documentation_and_aliases" time="0.001" /><testcase classname="tests.test_final_classifier_v2_infrastructure" name="test_binary_training_uses_validation_selection_only_and_writes_manifest" time="0.266" /><testcase classname="tests.test_final_classifier_v2_infrastructure" name="test_category_training_reports_stage2_coverage_and_validation_selection" time="0.101" /><testcase classname="tests.test_final_classifier_v2_infrastructure" name="test_freeze_manifest_does_not_read_confirmation_and_hashes_files" time="0.011" /><testcase classname="tests.test_final_classifier_v2_infrastructure" name="test_confirmation_evaluator_requires_freeze_manifest" time="0.003" /><testcase classname="tests.test_final_classifier_v2_infrastructure" name="test_one_shot_guard_refuses_repeat_for_same_model_and_confirmation" time="4.923" /><testcase classname="tests.test_final_classifier_v2_infrastructure" name="test_runtime_source_contains_no_document_routing_or_gold_consumption" time="0.001" /><testcase classname="tests.test_final_classifier_v2_infrastructure" name="test_majority_baselines_and_bootstrap_are_deterministic" time="0.026" /><testcase classname="tests.test_final_classifier_v2_infrastructure" name="test_configuration_hash_is_deterministic" time="0.006" /><testcase classname="tests.test_final_dataset_v2" name="test_prefill_cannot_emit_gold_fields" time="0.000" /><testcase classname="tests.test_final_dataset_v2" name="test_finalizer_refuses_unreviewed_row" time="0.001" /><testcase classname="tests.test_final_dataset_v2" name="test_human_labels_exactly_become_gold_labels" time="0.000" /><testcase classname="tests.test_final_dataset_v2" name="test_negative_row_becomes_no_update" time="0.000" /><testcase classname="tests.test_final_dataset_v2" name="test_other_documentation_stays_binary_positive_but_stage2_ineligible" time="0.000" /><testcase classname="tests.test_final_dataset_v2" name="test_seen_repo_cannot_enter_confirmation" time="0.000" /><testcase classname="tests.test_final_dataset_v2" name="test_stable_partition_reproducibility_and_natural_counts" time="0.000" /><testcase classname="tests.test_final_dataset_v2" name="test_repository_overlap_detection_in_audit" time="0.000" /><testcase classname="tests.test_final_dataset_v2" name="test_python_minimum_acquisition_does_not_alter_class_labels" time="0.000" /><testcase classname="tests.test_final_dataset_v2" name="test_stable_case_id_independent_of_input_order" time="0.000" /><testcase classname="tests.test_final_dataset_v2" name="test_v2_candidate_duplicate_pr_rejected_and_no_gold_fields" time="0.001" /><testcase classname="tests.test_final_dataset_v2" name="test_docs_changed_and_after_cannot_affect_docs_before_excerpt" time="0.001" /><testcase classname="tests.test_final_dataset_v2" name="test_partition_builder_does_not_require_labels_and_labels_do_not_affect_assignment" time="0.000" /><testcase classname="tests.test_final_dataset_v2" name="test_migration_preserves_decisions_and_maps_unsupported_positive_to_other_documentation" time="0.000" /><testcase classname="tests.test_final_dataset_v2" name="test_migration_refuses_without_human_review_attestation" time="0.138" /><testcase classname="tests.test_final_dataset_v2" name="test_no_old_category_forcibly_mapped_into_primary_four" time="0.000" /><testcase classname="tests.test_final_dataset_v2" name="test_merge_detects_duplicate_conflicting_human_labels" time="0.007" /><testcase classname="tests.test_final_dataset_v2" name="test_finalizer_inherits_partition_instead_of_recalculating_it" time="0.000" /><testcase classname="tests.test_final_dataset_v2" name="test_confirmation_is_sealed_in_audit" time="0.000" /><testcase classname="tests.test_final_human_review_workflow_v2" name="test_batch_size_deterministic_and_every_case_once" time="0.016" /><testcase classname="tests.test_final_human_review_workflow_v2" name="test_suggested_fields_do_not_become_human_fields" time="0.000" /><testcase classname="tests.test_final_human_review_workflow_v2" name="test_review_row_hash_deterministic_and_excludes_human_and_suggested_fields" time="0.000" /><testcase classname="tests.test_final_human_review_workflow_v2" name="test_csv_round_trip_preserves_multiline_diff" time="0.008" /><testcase classname="tests.test_final_human_review_workflow_v2" name="test_invalid_taxonomy_rejected_and_no_aliases" time="0.001" /><testcase classname="tests.test_final_human_review_workflow_v2" name="test_pending_row_not_finalizable" time="0.000" /><testcase classname="tests.test_final_human_review_workflow_v2" name="test_duplicate_and_conflicting_reviews_not_silently_resolved" time="0.012" /><testcase classname="tests.test_final_human_review_workflow_v2" name="test_modified_immutable_evidence_detected_on_merge" time="0.010" /><testcase classname="tests.test_final_human_review_workflow_v2" name="test_second_reviewer_sampling_ignores_labels_and_hides_primary_decision" time="0.040" /><testcase classname="tests.test_final_human_review_workflow_v2" name="test_reviewer_comparison_and_adjudication_are_human_only" time="4.796" /><testcase classname="tests.test_final_human_review_workflow_v2" name="test_completion_audit_fails_pending_and_passes_reviewed_fixture" time="0.002" /><testcase classname="tests.test_final_human_review_workflow_v2" name="test_finalizer_assigns_label_source_only_after_valid_approval" time="0.002" /><testcase classname="tests.test_consolidated_enriched_training_v2" name="test_consolidated_v2_manifest" time="0.001" /><testcase classname="tests.test_consolidated_enriched_training_v2" name="test_training_v2_split_is_leakage_safe" time="0.001" /><testcase classname="tests.test_consolidated_enriched_training_v2" name="test_gate1_freeze_manifest_matches_new_gold_identity" time="0.001" /><testcase classname="tests.test_stage3_v2_evaluation_infrastructure" name="test_freeze_stage3_does_not_read_confirmation" time="0.021" /><testcase classname="tests.test_stage3_v2_evaluation_infrastructure" name="test_generation_and_reference_views_are_separated" time="0.000" /><testcase classname="tests.test_stage3_v2_evaluation_infrastructure" name="test_primary_sample_is_natural_distribution_and_deterministic" time="0.000" /><testcase classname="tests.test_stage3_v2_evaluation_infrastructure" name="test_stress_sample_is_supplementary_in_manifest" time="0.032" /><testcase classname="tests.test_stage3_v2_evaluation_infrastructure" name="test_blind_sheet_excludes_prohibited_fields" time="0.001" /><testcase classname="tests.test_stage3_v2_evaluation_infrastructure" name="test_scores_must_be_1_to_5_and_incomplete_reviews_excluded" time="0.012" /><testcase classname="tests.test_stage3_v2_evaluation_infrastructure" name="test_human_summary_metrics_are_correct" time="0.001" /><testcase classname="tests.test_stage3_v2_evaluation_infrastructure" name="test_kappa_and_reviewer_agreement_are_deterministic" time="0.009" /><testcase classname="tests.test_stage3_v2_evaluation_infrastructure" name="test_reference_metrics_are_deterministic_and_missing_references_supported" time="0.003" /><testcase classname="tests.test_stage3_v2_evaluation_infrastructure" name="test_safety_and_quality_metrics_remain_separate_and_one_shot_guard_works" time="0.065" /><testcase classname="tests.test_stage3_v2_evaluation_infrastructure" name="test_final_v2_does_not_use_v1_patch_quality_as_truth" time="0.002" /><testcase classname="tests.test_stage3_v2_evaluation_infrastructure" name="test_historical_v1_artifacts_are_not_modified_by_eval_infrastructure" time="0.001" /><testcase classname="tests.test_stage3_v2_semantic_generation" name="test_stage3_v2_does_not_import_grounded_or_target_mapping_helpers" time="0.002" /><testcase classname="tests.test_stage3_v2_semantic_generation" name="test_stage3_v2_source_does_not_use_routing_concept_names" time="0.002" /><testcase classname="tests.test_stage3_v2_semantic_generation" name="test_classifier_safe_input_fields_remain_unchanged" time="0.000" /><testcase classname="tests.test_stage3_v2_semantic_generation" name="test_candidate_builder_adds_generator_candidates_without_docs_after_leakage" time="0.001" /><testcase classname="tests.test_stage3_v2_semantic_generation" name="test_analysis_rejects_evidence_quote_that_is_not_in_allowed_sources" time="0.001" /><testcase classname="tests.test_stage3_v2_semantic_generation" name="test_semantic_claim_can_pass_when_exact_evidence_quote_is_valid" time="0.000" /><testcase classname="tests.test_stage3_v2_semantic_generation" name="test_retriever_returns_only_provided_candidate_documents" time="0.002" /><testcase classname="tests.test_stage3_v2_semantic_generation" name="test_verifier_rejects_target_that_was_not_retrieved" time="0.000" /><testcase classname="tests.test_stage3_v2_semantic_generation" name="test_verifier_rejects_meta_instruction_patch" time="0.000" /><testcase classname="tests.test_stage3_v2_semantic_generation" name="test_verifier_accepts_developer_facing_prose_when_atoms_are_supported" time="0.000" /><testcase classname="tests.test_stage3_v2_semantic_generation" name="test_verifier_rejects_unsupported_concrete_atoms_and_security_claims" time="0.000" /><testcase classname="tests.test_stage3_v2_semantic_generation" name="test_verifier_result_is_safety_only_without_quality_score" time="0.000" /><testcase classname="tests.test_stage3_v2_semantic_generation" name="test_pipeline_accepts_valid_first_llm_patch_without_repair" time="0.002" /><testcase classname="tests.test_stage3_v2_semantic_generation" name="test_pipeline_attempts_one_repair_and_accepts_successful_repair" time="0.002" /><testcase classname="tests.test_stage3_v2_semantic_generation" name="test_pipeline_returns_human_review_required_when_repair_fails" time="0.003" /><testcase classname="tests.test_stage3_v2_semantic_generation" name="test_no_update_prediction_makes_zero_llm_calls" time="0.000" /><testcase classname="tests.test_stage3_v2_semantic_generation" name="test_prompt_injection_text_is_kept_inside_untrusted_user_data" time="0.000" /><testcase classname="tests.test_stage3_v2_semantic_generation" name="test_forbidden_outcome_fields_block_generation_result" time="0.002" /><testcase classname="tests.test_gate2_model_study" name="test_canonical_loader_verifies_hash_and_refuses_confirmation" time="6.423" /><testcase classname="tests.test_gate2_model_study" name="test_sha_mismatch_blocks_gate2" time="0.751" /><testcase classname="tests.test_gate2_model_study" name="test_safe_views_use_only_preregistered_fields" time="0.000" /><testcase classname="tests.test_gate2_model_study" name="test_fold_generation_is_deterministic_and_repo_disjoint" time="6.764" /><testcase classname="tests.test_gate2_model_study" name="test_frozen_fold_files_have_one_assignment_per_repository" time="0.003" /><testcase classname="tests.test_gate2_model_study" name="test_inner_fold_overlap_is_rejected" time="0.001" /><testcase classname="tests.test_gate2_model_study" name="test_unregistered_family_is_rejected" time="0.001" /><testcase classname="tests.test_gate2_model_study" name="test_embedding_identity_is_stable_and_order_independent" time="0.000" /><testcase classname="tests.test_gate2_model_study" name="test_registry_is_append_only_jsonl" time="0.014" /><testcase classname="tests.test_gate2_model_study" name="test_preregistered_config_and_fold_hashes_match_manifest" time="0.001" /></testsuite></testsuites>